<?xml version="1.0" encoding="UTF-8"?>
<testng-results ignored="0" total="1" passed="1" failed="0" skipped="0">
  <reporter-output>
  </reporter-output>
  <suite started-at="2022-01-16T22:47:10 IST" name="Default suite" finished-at="2022-01-16T22:47:20 IST" duration-ms="10244">
    <groups>
    </groups>
    <test started-at="2022-01-16T22:47:10 IST" name="Default test" finished-at="2022-01-16T22:47:20 IST" duration-ms="10244">
      <class name="com.inetbanking.testcases.TC_Login_001">
        <test-method is-config="true" signature="cofigReader()[pri:0, instance:com.inetbanking.testcases.TC_Login_001@661972b0]" started-at="2022-01-16T22:47:10 IST" name="cofigReader" finished-at="2022-01-16T22:47:10 IST" duration-ms="16" status="PASS">
          <reporter-output>
          </reporter-output>
        </test-method> <!-- cofigReader -->
        <test-method is-config="true" signature="startBrowser()[pri:0, instance:com.inetbanking.testcases.TC_Login_001@661972b0]" started-at="2022-01-16T22:47:10 IST" name="startBrowser" finished-at="2022-01-16T22:47:17 IST" duration-ms="7644" status="PASS">
          <reporter-output>
          </reporter-output>
        </test-method> <!-- startBrowser -->
        <test-method signature="login_Test()[pri:0, instance:com.inetbanking.testcases.TC_Login_001@661972b0]" started-at="2022-01-16T22:47:17 IST" name="login_Test" finished-at="2022-01-16T22:47:19 IST" duration-ms="1604" status="PASS">
          <reporter-output>
          </reporter-output>
        </test-method> <!-- login_Test -->
        <test-method is-config="true" signature="quitBrowser()[pri:0, instance:com.inetbanking.testcases.TC_Login_001@661972b0]" started-at="2022-01-16T22:47:19 IST" name="quitBrowser" finished-at="2022-01-16T22:47:20 IST" duration-ms="950" status="PASS">
          <reporter-output>
          </reporter-output>
        </test-method> <!-- quitBrowser -->
      </class> <!-- com.inetbanking.testcases.TC_Login_001 -->
    </test> <!-- Default test -->
  </suite> <!-- Default suite -->
</testng-results>
